<?xml version="1.0" encoding="UTF-8"?>
<testsuites name="TS - Data Driven" time="28.163" tests="1" failures="0" skips="0" errors="0">
   <testsuite name="TS - Data Driven" tests="1" failures="0" errors="0" time="28.163" skips="0" timestamp="2021-03-15 21:23:12" hostname="ngochuynh - fvfxt67ehv29" id="Test Suites/TS - Data Driven">
      <properties>
         <property name="deviceName" value=""/>
         <property name="devicePlatform" value=""/>
         <property name="logFolder" value="/Users/ngochuynh/Desktop/1. Procurement Process/1. Emma - Demo/WEB UI DEMO/Reports/20210315_212258/TS - Data Driven/20210315_212258"/>
         <property name="logFiles" value="/Users/ngochuynh/Desktop/1. Procurement Process/1. Emma - Demo/WEB UI DEMO/Reports/20210315_212258/TS - Data Driven/20210315_212258/execution0.log"/>
         <property name="attachments" value=""/>
         <property name="hostName" value="ngochuynh - fvfxt67ehv29"/>
         <property name="os" value="Mac OS X 64bit"/>
         <property name="katalonVersion" value="7.9.1.208"/>
         <property name="browser" value="Chrome 74.0.3729.108"/>
         <property name="hostAddress" value="192.168.1.150"/>
         <property name="sessionId" value="9681735c9b005ab88d15277416745dae"/>
         <property name="seleniumVersion" value="3.141.59"/>
         <property name="proxyInformation" value="ProxyInformation { proxyOption=NO_PROXY, proxyServerType=HTTP, username=, password=********, proxyServerAddress=, proxyServerPort=0, executionList=&quot;&quot;, isApplyToDesiredCapabilities=true }"/>
         <property name="platform" value="Mac OS X"/>
      </properties>
      <testcase name="Test Cases/TC2 - Login - Data Driven" time="24.472" classname="Test Cases/TC2 - Login - Data Driven" status="PASSED">
         <system-out><![CDATA[2021-03-15 21:23:15 - [TEST_CASE][PASSED] - Test Cases/TC2 - Login - Data Driven: Test Cases/TC2 - Login - Data Driven

2021-03-15 21:23:16 - [TEST_STEP][PASSED] - openBrowser(""): Browser is opened with url: ''

2021-03-15 21:23:17 - [MESSAGE][INFO] - Starting 'Chrome' driver

2021-03-15 21:23:17 - [MESSAGE][INFO] - Action delay is set to 0 milliseconds

2021-03-15 21:23:24 - [MESSAGE][WARNING] - FFmpeg was not installed! Browser Recording will be disabled. Please follow this document to install FFmpeg first: https://docs.katalon.com/katalon-studio/docs/screenshots-videos.html#browser-based-recorder

2021-03-15 21:23:24 - [MESSAGE][PASSED] - Browser is opened with url: ''

2021-03-15 21:23:24 - [TEST_STEP][PASSED] - navigateToUrl("https://katalon-demo-cura.herokuapp.com/"): Navigate to 'https://katalon-demo-cura.herokuapp.com/' successfully

2021-03-15 21:23:27 - [MESSAGE][PASSED] - Navigate to 'https://katalon-demo-cura.herokuapp.com/' successfully

2021-03-15 21:23:27 - [TEST_STEP][PASSED] - click(findTestObject("Object Repository/Page_CURA Healthcare Service/a_Make Appointment")): Object: 'Object Repository/Page_CURA Healthcare Service/a_Make Appointment' is clicked on

2021-03-15 21:23:28 - [MESSAGE][PASSED] - Object: 'Object Repository/Page_CURA Healthcare Service/a_Make Appointment' is clicked on

2021-03-15 21:23:28 - [TEST_STEP][PASSED] - setText(findTestObject("Object Repository/Page_CURA Healthcare Service/input_Username_username"), ID): Text 'John Doe' is set on object 'Object Repository/Page_CURA Healthcare Service/input_Username_username'

2021-03-15 21:23:29 - [MESSAGE][PASSED] - Text 'John Doe' is set on object 'Object Repository/Page_CURA Healthcare Service/input_Username_username'

2021-03-15 21:23:29 - [TEST_STEP][PASSED] - setText(findTestObject("Object Repository/Page_CURA Healthcare Service/input_Password_password"), Password): Text 'ThisIsNotAPassword' is set on object 'Object Repository/Page_CURA Healthcare Service/input_Password_password'

2021-03-15 21:23:31 - [MESSAGE][PASSED] - Text 'ThisIsNotAPassword' is set on object 'Object Repository/Page_CURA Healthcare Service/input_Password_password'

2021-03-15 21:23:31 - [TEST_STEP][PASSED] - click(findTestObject("Object Repository/Page_CURA Healthcare Service/button_Login")): Object: 'Object Repository/Page_CURA Healthcare Service/button_Login' is clicked on

2021-03-15 21:23:34 - [MESSAGE][PASSED] - Object: 'Object Repository/Page_CURA Healthcare Service/button_Login' is clicked on

2021-03-15 21:23:34 - [TEST_STEP][PASSED] - delay(5): Delayed 5 second(s)

2021-03-15 21:23:39 - [MESSAGE][PASSED] - Delayed 5 second(s)]]></system-out>
         <system-err><![CDATA[]]></system-err>
      </testcase>
      <system-out><![CDATA[2021-03-15 21:23:12 - [TEST_SUITE][PASSED] - TS - Data Driven: Test Cases/TC2 - Login - Data Driven]]></system-out>
      <system-err><![CDATA[]]></system-err>
   </testsuite>
</testsuites>
