<?xml version="1.0" encoding="UTF-8"?>
<testsuites name="TS - Login" time="16.628" tests="1" failures="0" skips="0" errors="0">
   <testsuite name="TS - Login" tests="1" failures="0" errors="0" time="16.628" skips="0" timestamp="2021-03-15 22:15:11" hostname="ngochuynh - fvfxt67ehv29" id="Test Suites/TS - Login">
      <properties>
         <property name="deviceName" value=""/>
         <property name="devicePlatform" value=""/>
         <property name="logFolder" value="/Users/ngochuynh/Desktop/1. Procurement Process/1. Emma - Demo/WEB UI DEMO/Reports/20210315_221454/TS - Login/20210315_221504"/>
         <property name="logFiles" value="/Users/ngochuynh/Desktop/1. Procurement Process/1. Emma - Demo/WEB UI DEMO/Reports/20210315_221454/TS - Login/20210315_221504/execution0.log"/>
         <property name="attachments" value=""/>
         <property name="hostName" value="ngochuynh - fvfxt67ehv29"/>
         <property name="os" value="Mac OS X 64bit"/>
         <property name="katalonVersion" value="7.8.2.208"/>
         <property name="browser" value="Chrome 74.0.3729.108"/>
         <property name="hostAddress" value="192.168.1.150"/>
         <property name="sessionId" value="d80ba8236fcb17b2f5fc3c381c4ff042"/>
         <property name="seleniumVersion" value="3.141.59"/>
         <property name="proxyInformation" value="ProxyInformation { proxyOption=NO_PROXY, proxyServerType=HTTP, username=, password=********, proxyServerAddress=, proxyServerPort=0, executionList=&quot;&quot;, isApplyToDesiredCapabilities=true }"/>
         <property name="platform" value="Mac OS X"/>
      </properties>
      <testcase name="Test Cases/TC2 - Login - Continue Record" time="14.956" classname="Test Cases/TC2 - Login - Continue Record" status="PASSED">
         <system-out><![CDATA[2021-03-15 22:15:12 - [TEST_CASE][PASSED] - Test Cases/TC2 - Login - Continue Record: Test Cases/TC2 - Login - Continue Record

2021-03-15 22:15:13 - [TEST_STEP][PASSED] - openBrowser(""): Browser is opened with url: ''

2021-03-15 22:15:13 - [MESSAGE][INFO] - Starting 'Chrome' driver

2021-03-15 22:15:13 - [MESSAGE][INFO] - Action delay is set to 0 milliseconds

2021-03-15 22:15:20 - [MESSAGE][WARNING] - FFmpeg was not installed! Browser Recording will be disabled. Please follow this document to install FFmpeg first: https://docs.katalon.com/katalon-studio/docs/screenshots-videos.html#browser-based-recorder

2021-03-15 22:15:20 - [MESSAGE][PASSED] - Browser is opened with url: ''

2021-03-15 22:15:20 - [TEST_STEP][PASSED] - navigateToUrl("https://katalon-demo-cura.herokuapp.com/"): Navigate to 'https://katalon-demo-cura.herokuapp.com/' successfully

2021-03-15 22:15:23 - [MESSAGE][PASSED] - Navigate to 'https://katalon-demo-cura.herokuapp.com/' successfully

2021-03-15 22:15:23 - [TEST_STEP][PASSED] - click(findTestObject("Object Repository/Page_CURA Healthcare Service/a_Make Appointment")): Object: 'Object Repository/Page_CURA Healthcare Service/a_Make Appointment' is clicked on

2021-03-15 22:15:24 - [MESSAGE][PASSED] - Object: 'Object Repository/Page_CURA Healthcare Service/a_Make Appointment' is clicked on

2021-03-15 22:15:24 - [TEST_STEP][PASSED] - setText(findTestObject("Object Repository/Page_CURA Healthcare Service/input_Username_username"), "John Doe"): Text 'John Doe' is set on object 'Object Repository/Page_CURA Healthcare Service/input_Username_username'

2021-03-15 22:15:25 - [MESSAGE][PASSED] - Text 'John Doe' is set on object 'Object Repository/Page_CURA Healthcare Service/input_Username_username'

2021-03-15 22:15:25 - [TEST_STEP][PASSED] - setEncryptedText(findTestObject("Object Repository/Page_CURA Healthcare Service/input_Password_password"), "g3/DOGG74jC3Flrr3yH+3D/yKbOqqUNM"): Text ****** has been set on object 'Object Repository/Page_CURA Healthcare Service/input_Password_password'

2021-03-15 22:15:26 - [MESSAGE][PASSED] - Text ****** has been set on object 'Object Repository/Page_CURA Healthcare Service/input_Password_password'

2021-03-15 22:15:26 - [TEST_STEP][PASSED] - click(findTestObject("Object Repository/Page_CURA Healthcare Service/button_Login")): Object: 'Object Repository/Page_CURA Healthcare Service/button_Login' is clicked on

2021-03-15 22:15:27 - [MESSAGE][PASSED] - Object: 'Object Repository/Page_CURA Healthcare Service/button_Login' is clicked on]]></system-out>
         <system-err><![CDATA[]]></system-err>
      </testcase>
      <system-out><![CDATA[2021-03-15 22:15:11 - [TEST_SUITE][PASSED] - TS - Login: Test Cases/TC2 - Login - Continue Record]]></system-out>
      <system-err><![CDATA[]]></system-err>
   </testsuite>
</testsuites>
