<?xml version="1.0" encoding="UTF-8"?>
<testsuites name="TS - 1" time="59.245" tests="2" failures="0" skips="0" errors="0">
   <testsuite name="TS - 1" tests="2" failures="0" errors="0" time="59.245" skips="0" timestamp="2021-03-03 10:41:05" hostname="ngochuynh - 10.4.0.90" id="Test Suites/TS - 1">
      <properties>
         <property name="deviceName" value=""/>
         <property name="devicePlatform" value=""/>
         <property name="logFolder" value="/Users/ngochuynh/Desktop/1. Procurement Process/1. Emma - Demo/EMMA-DEMO/Reports/20210303_104059/TS - 1/20210303_104059"/>
         <property name="logFiles" value="/Users/ngochuynh/Desktop/1. Procurement Process/1. Emma - Demo/EMMA-DEMO/Reports/20210303_104059/TS - 1/20210303_104059/execution0.log"/>
         <property name="attachments" value=""/>
         <property name="hostName" value="ngochuynh - 10.4.0.90"/>
         <property name="os" value="Mac OS X 64bit"/>
         <property name="katalonVersion" value="7.9.1.208"/>
         <property name="browser" value="Chrome 74.0.3729.108"/>
         <property name="hostAddress" value="10.4.0.90"/>
         <property name="sessionId" value="8774763166c8e3b5c1f0b010f3a78d89"/>
         <property name="seleniumVersion" value="3.141.59"/>
         <property name="proxyInformation" value="ProxyInformation { proxyOption=NO_PROXY, proxyServerType=HTTP, username=, password=********, proxyServerAddress=, proxyServerPort=0, executionList=&quot;&quot;, isApplyToDesiredCapabilities=true }"/>
         <property name="platform" value="Mac OS X"/>
      </properties>
      <testcase name="Test Cases/TC1 - Login - web record - Copy" time="36.84" classname="Test Cases/TC1 - Login - web record - Copy" status="PASSED">
         <system-out><![CDATA[2021-03-03 10:41:06 - [TEST_CASE][PASSED] - Test Cases/TC1 - Login - web record - Copy: Test Cases/TC1 - Login - web record - Copy

2021-03-03 10:41:07 - [TEST_STEP][PASSED] - openBrowser(""): Browser is opened with url: ''

2021-03-03 10:41:08 - [MESSAGE][INFO] - Starting 'Chrome' driver

2021-03-03 10:41:08 - [MESSAGE][INFO] - Action delay is set to 0 milliseconds

2021-03-03 10:41:10 - [MESSAGE][WARNING] - FFmpeg was not installed! Browser Recording will be disabled. Please follow this document to install FFmpeg first: https://docs.katalon.com/katalon-studio/docs/screenshots-videos.html#browser-based-recorder

2021-03-03 10:41:10 - [MESSAGE][PASSED] - Browser is opened with url: ''

2021-03-03 10:41:10 - [TEST_STEP][PASSED] - navigateToUrl("https://katalon-demo-cura.herokuapp.com/"): Navigate to 'https://katalon-demo-cura.herokuapp.com/' successfully

2021-03-03 10:41:15 - [MESSAGE][PASSED] - Navigate to 'https://katalon-demo-cura.herokuapp.com/' successfully

2021-03-03 10:41:15 - [TEST_STEP][PASSED] - click(findTestObject("Object Repository/Page_CURA Healthcare Service/a_Make Appointment")): Object: 'Object Repository/Page_CURA Healthcare Service/a_Make Appointment' is clicked on

2021-03-03 10:41:19 - [MESSAGE][PASSED] - Object: 'Object Repository/Page_CURA Healthcare Service/a_Make Appointment' is clicked on

2021-03-03 10:41:19 - [TEST_STEP][PASSED] - setText(findTestObject("Object Repository/Page_CURA Healthcare Service/input_Username_username"), "John Doe"): Text 'John Doe' is set on object 'Object Repository/Page_CURA Healthcare Service/input_Username_username'

2021-03-03 10:41:24 - [MESSAGE][PASSED] - Text 'John Doe' is set on object 'Object Repository/Page_CURA Healthcare Service/input_Username_username'

2021-03-03 10:41:24 - [TEST_STEP][PASSED] - setEncryptedText(findTestObject("Object Repository/Page_CURA Healthcare Service/input_Password_password"), "g3/DOGG74jC3Flrr3yH+3D/yKbOqqUNM"): Text ****** has been set on object 'Object Repository/Page_CURA Healthcare Service/input_Password_password'

2021-03-03 10:41:26 - [MESSAGE][PASSED] - Text ****** has been set on object 'Object Repository/Page_CURA Healthcare Service/input_Password_password'

2021-03-03 10:41:26 - [TEST_STEP][PASSED] - click(findTestObject("Object Repository/Page_CURA Healthcare Service/button_Login")): Object: 'Object Repository/Page_CURA Healthcare Service/button_Login' is clicked on

2021-03-03 10:41:28 - [MESSAGE][PASSED] - Object: 'Object Repository/Page_CURA Healthcare Service/button_Login' is clicked on

2021-03-03 10:41:28 - [TEST_STEP][PASSED] - selectOptionByValue(findTestObject("Object Repository/Page_CURA Healthcare Service/select_Tokyo CURA Healthcare Center        _5b4107"), "Hongkong CURA Healthcare Center", true): All options with value 'Hongkong CURA Healthcare Center' are selected in object 'Object Repository/Page_CURA Healthcare Service/select_Tokyo CURA Healthcare Center        _5b4107'  using regular expression

2021-03-03 10:41:35 - [MESSAGE][PASSED] - All options with value 'Hongkong CURA Healthcare Center' are selected in object 'Object Repository/Page_CURA Healthcare Service/select_Tokyo CURA Healthcare Center        _5b4107'  using regular expression

2021-03-03 10:41:35 - [TEST_STEP][PASSED] - click(findTestObject("Object Repository/Page_CURA Healthcare Service/label_Apply for hospital readmission")): Object: 'Object Repository/Page_CURA Healthcare Service/label_Apply for hospital readmission' is clicked on

2021-03-03 10:41:37 - [MESSAGE][PASSED] - Object: 'Object Repository/Page_CURA Healthcare Service/label_Apply for hospital readmission' is clicked on

2021-03-03 10:41:37 - [TEST_STEP][PASSED] - click(findTestObject("Object Repository/Page_CURA Healthcare Service/input_Medicaid_programs")): Object: 'Object Repository/Page_CURA Healthcare Service/input_Medicaid_programs' is clicked on

2021-03-03 10:41:39 - [MESSAGE][PASSED] - Object: 'Object Repository/Page_CURA Healthcare Service/input_Medicaid_programs' is clicked on

2021-03-03 10:41:39 - [TEST_STEP][PASSED] - click(findTestObject("Object Repository/Page_CURA Healthcare Service/span_Visit Date (Required)_glyphicon glyphi_cada34")): Object: 'Object Repository/Page_CURA Healthcare Service/span_Visit Date (Required)_glyphicon glyphi_cada34' is clicked on

2021-03-03 10:41:41 - [MESSAGE][PASSED] - Object: 'Object Repository/Page_CURA Healthcare Service/span_Visit Date (Required)_glyphicon glyphi_cada34' is clicked on

2021-03-03 10:41:41 - [TEST_STEP][PASSED] - click(findTestObject("Object Repository/Page_CURA Healthcare Service/td_17")): Object: 'Object Repository/Page_CURA Healthcare Service/td_17' is clicked on

2021-03-03 10:41:43 - [MESSAGE][PASSED] - Object: 'Object Repository/Page_CURA Healthcare Service/td_17' is clicked on

2021-03-03 10:41:43 - [TEST_STEP][PASSED] - closeBrowser(): Browser is closed

2021-03-03 10:41:43 - [MESSAGE][PASSED] - Browser is closed]]></system-out>
         <system-err><![CDATA[]]></system-err>
      </testcase>
      <testcase name="Test Cases/TC2 - Login - Continue record" time="20.524" classname="Test Cases/TC2 - Login - Continue record" status="PASSED">
         <system-out><![CDATA[2021-03-03 10:41:43 - [TEST_CASE][PASSED] - Test Cases/TC2 - Login - Continue record: Test Cases/TC2 - Login - Continue record

2021-03-03 10:41:44 - [TEST_STEP][PASSED] - openBrowser(""): Browser is opened with url: ''

2021-03-03 10:41:44 - [MESSAGE][INFO] - Starting 'Chrome' driver

2021-03-03 10:41:44 - [MESSAGE][INFO] - Action delay is set to 0 milliseconds

2021-03-03 10:41:45 - [MESSAGE][WARNING] - FFmpeg was not installed! Browser Recording will be disabled. Please follow this document to install FFmpeg first: https://docs.katalon.com/katalon-studio/docs/screenshots-videos.html#browser-based-recorder

2021-03-03 10:41:45 - [MESSAGE][PASSED] - Browser is opened with url: ''

2021-03-03 10:41:45 - [TEST_STEP][PASSED] - navigateToUrl("https://katalon-demo-cura.herokuapp.com/"): Navigate to 'https://katalon-demo-cura.herokuapp.com/' successfully

2021-03-03 10:41:53 - [MESSAGE][PASSED] - Navigate to 'https://katalon-demo-cura.herokuapp.com/' successfully

2021-03-03 10:41:53 - [TEST_STEP][PASSED] - click(findTestObject("Object Repository/Page_CURA Healthcare Service/a_Make Appointment")): Object: 'Object Repository/Page_CURA Healthcare Service/a_Make Appointment' is clicked on

2021-03-03 10:41:55 - [MESSAGE][PASSED] - Object: 'Object Repository/Page_CURA Healthcare Service/a_Make Appointment' is clicked on

2021-03-03 10:41:55 - [TEST_STEP][PASSED] - setText(findTestObject("Object Repository/Page_CURA Healthcare Service/input_Username_username"), "John Doe"): Text 'John Doe' is set on object 'Object Repository/Page_CURA Healthcare Service/input_Username_username'

2021-03-03 10:41:59 - [MESSAGE][PASSED] - Text 'John Doe' is set on object 'Object Repository/Page_CURA Healthcare Service/input_Username_username'

2021-03-03 10:41:59 - [TEST_STEP][PASSED] - setEncryptedText(findTestObject("Object Repository/Page_CURA Healthcare Service/input_Password_password"), "g3/DOGG74jC3Flrr3yH+3D/yKbOqqUNM"): Text ****** has been set on object 'Object Repository/Page_CURA Healthcare Service/input_Password_password'

2021-03-03 10:42:01 - [MESSAGE][PASSED] - Text ****** has been set on object 'Object Repository/Page_CURA Healthcare Service/input_Password_password'

2021-03-03 10:42:01 - [TEST_STEP][PASSED] - click(findTestObject("Object Repository/Page_CURA Healthcare Service/button_Login")): Object: 'Object Repository/Page_CURA Healthcare Service/button_Login' is clicked on

2021-03-03 10:42:03 - [MESSAGE][PASSED] - Object: 'Object Repository/Page_CURA Healthcare Service/button_Login' is clicked on]]></system-out>
         <system-err><![CDATA[]]></system-err>
      </testcase>
      <system-out><![CDATA[2021-03-03 10:41:05 - [TEST_SUITE][PASSED] - TS - 1: Test Cases/TC2 - Login - Continue record]]></system-out>
      <system-err><![CDATA[]]></system-err>
   </testsuite>
</testsuites>
