<?xml version="1.0" encoding="UTF-8"?>
<testsuites name="TS - Data Driven" time="12.383" tests="1" failures="0" skips="0" errors="0">
   <testsuite name="TS - Data Driven" tests="1" failures="0" errors="0" time="12.383" skips="0" timestamp="2021-03-04 14:39:50" hostname="ngochuynh - 192.168.37.115" id="Test Suites/TS - Data Driven">
      <properties>
         <property name="deviceName" value=""/>
         <property name="devicePlatform" value=""/>
         <property name="logFolder" value="/Users/ngochuynh/Desktop/1. Procurement Process/1. Emma - Demo/EMMA-DEMO/Reports/20210304_143941/TS - Data Driven/20210304_143941"/>
         <property name="logFiles" value="/Users/ngochuynh/Desktop/1. Procurement Process/1. Emma - Demo/EMMA-DEMO/Reports/20210304_143941/TS - Data Driven/20210304_143941/execution0.log"/>
         <property name="attachments" value=""/>
         <property name="hostName" value="ngochuynh - 192.168.37.115"/>
         <property name="os" value="Mac OS X 64bit"/>
         <property name="katalonVersion" value="7.9.1.208"/>
         <property name="browser" value="Chrome 74.0.3729.108"/>
         <property name="hostAddress" value="192.168.37.115"/>
         <property name="sessionId" value="4e94062051ebece8e6b418386f19a264"/>
         <property name="seleniumVersion" value="3.141.59"/>
         <property name="proxyInformation" value="ProxyInformation { proxyOption=NO_PROXY, proxyServerType=HTTP, username=, password=********, proxyServerAddress=, proxyServerPort=0, executionList=&quot;&quot;, isApplyToDesiredCapabilities=true }"/>
         <property name="platform" value="Mac OS X"/>
      </properties>
      <testcase name="Test Cases/TC2 - Login - Data Driven" time="10.908" classname="Test Cases/TC2 - Login - Data Driven" status="PASSED">
         <system-out><![CDATA[2021-03-04 14:39:51 - [TEST_CASE][PASSED] - Test Cases/TC2 - Login - Data Driven: Test Cases/TC2 - Login - Data Driven

2021-03-04 14:39:51 - [TEST_STEP][PASSED] - openBrowser(""): Browser is opened with url: ''

2021-03-04 14:39:51 - [MESSAGE][INFO] - Starting 'Chrome' driver

2021-03-04 14:39:51 - [MESSAGE][INFO] - Action delay is set to 0 milliseconds

2021-03-04 14:39:54 - [MESSAGE][WARNING] - FFmpeg was not installed! Browser Recording will be disabled. Please follow this document to install FFmpeg first: https://docs.katalon.com/katalon-studio/docs/screenshots-videos.html#browser-based-recorder

2021-03-04 14:39:54 - [MESSAGE][PASSED] - Browser is opened with url: ''

2021-03-04 14:39:54 - [TEST_STEP][PASSED] - navigateToUrl("https://katalon-demo-cura.herokuapp.com/"): Navigate to 'https://katalon-demo-cura.herokuapp.com/' successfully

2021-03-04 14:39:58 - [MESSAGE][PASSED] - Navigate to 'https://katalon-demo-cura.herokuapp.com/' successfully

2021-03-04 14:39:58 - [TEST_STEP][PASSED] - click(findTestObject("Object Repository/Page_CURA Healthcare Service/a_Make Appointment")): Object: 'Object Repository/Page_CURA Healthcare Service/a_Make Appointment' is clicked on

2021-03-04 14:39:59 - [MESSAGE][PASSED] - Object: 'Object Repository/Page_CURA Healthcare Service/a_Make Appointment' is clicked on

2021-03-04 14:39:59 - [TEST_STEP][PASSED] - setText(findTestObject("Object Repository/Page_CURA Healthcare Service/input_Username_username"), ID): Text '' is set on object 'Object Repository/Page_CURA Healthcare Service/input_Username_username'

2021-03-04 14:40:00 - [MESSAGE][PASSED] - Text '' is set on object 'Object Repository/Page_CURA Healthcare Service/input_Username_username'

2021-03-04 14:40:00 - [TEST_STEP][PASSED] - setText(findTestObject("Object Repository/Page_CURA Healthcare Service/input_Password_password"), Password): Text '' is set on object 'Object Repository/Page_CURA Healthcare Service/input_Password_password'

2021-03-04 14:40:01 - [MESSAGE][PASSED] - Text '' is set on object 'Object Repository/Page_CURA Healthcare Service/input_Password_password'

2021-03-04 14:40:01 - [TEST_STEP][PASSED] - click(findTestObject("Object Repository/Page_CURA Healthcare Service/button_Login")): Object: 'Object Repository/Page_CURA Healthcare Service/button_Login' is clicked on

2021-03-04 14:40:02 - [MESSAGE][PASSED] - Object: 'Object Repository/Page_CURA Healthcare Service/button_Login' is clicked on]]></system-out>
         <system-err><![CDATA[]]></system-err>
      </testcase>
      <system-out><![CDATA[2021-03-04 14:39:50 - [TEST_SUITE][PASSED] - TS - Data Driven: Test Cases/TC2 - Login - Data Driven]]></system-out>
      <system-err><![CDATA[]]></system-err>
   </testsuite>
</testsuites>
