<?xml version="1.0" encoding="UTF-8"?>
<testsuites name="TS - Multiple Browser n Profile - Copy" time="15.868" tests="1" failures="0" skips="0" errors="0">
   <testsuite name="TS - Multiple Browser n Profile - Copy" tests="1" failures="0" errors="0" time="15.868" skips="0" timestamp="2021-03-16 14:08:03" hostname="ngochuynh - 10.62.49.123" id="Test Suites/TS - Multiple Browser n Profile - Copy">
      <properties>
         <property name="deviceName" value=""/>
         <property name="devicePlatform" value=""/>
         <property name="logFolder" value="/Users/ngochuynh/Desktop/1. Procurement Process/1. Emma - Demo/WEB UI DEMO/Reports/20210316_140753/TS - Multiple Browser n Profile - Copy/20210316_140753"/>
         <property name="logFiles" value="/Users/ngochuynh/Desktop/1. Procurement Process/1. Emma - Demo/WEB UI DEMO/Reports/20210316_140753/TS - Multiple Browser n Profile - Copy/20210316_140753/execution0.log"/>
         <property name="attachments" value=""/>
         <property name="hostName" value="ngochuynh - 10.62.49.123"/>
         <property name="os" value="Mac OS X 64bit"/>
         <property name="katalonVersion" value="7.9.1.208"/>
         <property name="browser" value="Chrome 74.0.3729.108"/>
         <property name="hostAddress" value="10.62.49.123"/>
         <property name="sessionId" value="672c5c3d5c9a82f40ffc230d4e323973"/>
         <property name="seleniumVersion" value="3.141.59"/>
         <property name="proxyInformation" value="ProxyInformation { proxyOption=NO_PROXY, proxyServerType=HTTP, username=, password=********, proxyServerAddress=, proxyServerPort=0, executionList=&quot;&quot;, isApplyToDesiredCapabilities=true }"/>
         <property name="platform" value="Mac OS X"/>
      </properties>
      <testcase name="Test Cases/TC2 - Login - Continue Record" time="14.169" classname="Test Cases/TC2 - Login - Continue Record" status="PASSED">
         <system-out><![CDATA[2021-03-16 14:08:04 - [TEST_CASE][PASSED] - Test Cases/TC2 - Login - Continue Record: Test Cases/TC2 - Login - Continue Record

2021-03-16 14:08:05 - [TEST_STEP][PASSED] - openBrowser(""): Browser is opened with url: ''

2021-03-16 14:08:05 - [MESSAGE][INFO] - Starting 'Chrome' driver

2021-03-16 14:08:05 - [MESSAGE][INFO] - Action delay is set to 0 milliseconds

2021-03-16 14:08:11 - [MESSAGE][WARNING] - FFmpeg was not installed! Browser Recording will be disabled. Please follow this document to install FFmpeg first: https://docs.katalon.com/katalon-studio/docs/screenshots-videos.html#browser-based-recorder

2021-03-16 14:08:11 - [MESSAGE][PASSED] - Browser is opened with url: ''

2021-03-16 14:08:11 - [TEST_STEP][PASSED] - navigateToUrl("https://katalon-demo-cura.herokuapp.com/"): Navigate to 'https://katalon-demo-cura.herokuapp.com/' successfully

2021-03-16 14:08:14 - [MESSAGE][PASSED] - Navigate to 'https://katalon-demo-cura.herokuapp.com/' successfully

2021-03-16 14:08:14 - [TEST_STEP][PASSED] - click(findTestObject("Object Repository/Page_CURA Healthcare Service/a_Make Appointment")): Object: 'Object Repository/Page_CURA Healthcare Service/a_Make Appointment' is clicked on

2021-03-16 14:08:15 - [MESSAGE][PASSED] - Object: 'Object Repository/Page_CURA Healthcare Service/a_Make Appointment' is clicked on

2021-03-16 14:08:15 - [TEST_STEP][PASSED] - setText(findTestObject("Object Repository/Page_CURA Healthcare Service/input_Username_username"), "John Doe"): Text 'John Doe' is set on object 'Object Repository/Page_CURA Healthcare Service/input_Username_username'

2021-03-16 14:08:16 - [MESSAGE][PASSED] - Text 'John Doe' is set on object 'Object Repository/Page_CURA Healthcare Service/input_Username_username'

2021-03-16 14:08:16 - [TEST_STEP][PASSED] - setEncryptedText(findTestObject("Object Repository/Page_CURA Healthcare Service/input_Password_password"), "g3/DOGG74jC3Flrr3yH+3D/yKbOqqUNM"): Text ****** has been set on object 'Object Repository/Page_CURA Healthcare Service/input_Password_password'

2021-03-16 14:08:17 - [MESSAGE][PASSED] - Text ****** has been set on object 'Object Repository/Page_CURA Healthcare Service/input_Password_password'

2021-03-16 14:08:17 - [TEST_STEP][PASSED] - click(findTestObject("Object Repository/Page_CURA Healthcare Service/button_Login")): Object: 'Object Repository/Page_CURA Healthcare Service/button_Login' is clicked on

2021-03-16 14:08:18 - [MESSAGE][PASSED] - Object: 'Object Repository/Page_CURA Healthcare Service/button_Login' is clicked on]]></system-out>
         <system-err><![CDATA[]]></system-err>
      </testcase>
      <system-out><![CDATA[2021-03-16 14:08:03 - [TEST_SUITE][PASSED] - TS - Multiple Browser n Profile - Copy: Test Cases/TC2 - Login - Continue Record]]></system-out>
      <system-err><![CDATA[]]></system-err>
   </testsuite>
</testsuites>
